c:\users\роман\desktop\task_quantitative\task\debug\vc120.pdb
c:\users\роман\desktop\task_quantitative\task\debug\vc120.idb
c:\users\роман\desktop\task_quantitative\task\debug\company.obj
c:\users\роман\desktop\task_quantitative\task\debug\fixworker.obj
c:\users\роман\desktop\task_quantitative\task\debug\timeworker.obj
c:\users\роман\desktop\task_quantitative\task\debug\worker.obj
d:\desktop\task_quantitative\task\debug\vc120.pdb
d:\desktop\task_quantitative\task\debug\vc120.idb
d:\desktop\task_quantitative\task\debug\company.obj
d:\desktop\task_quantitative\task\debug\fixworker.obj
d:\desktop\task_quantitative\task\debug\main.obj
d:\desktop\task_quantitative\task\debug\timeworker.obj
d:\desktop\task_quantitative\task\debug\worker.obj
d:\desktop\task_quantitative\debug\task.exe
d:\desktop\task_quantitative\debug\task.pdb
d:\desktop\task_quantitative\task\debug\task.tlog\cl.command.1.tlog
d:\desktop\task_quantitative\task\debug\task.tlog\cl.read.1.tlog
d:\desktop\task_quantitative\task\debug\task.tlog\cl.write.1.tlog
d:\desktop\task_quantitative\task\debug\task.tlog\link.command.1.tlog
d:\desktop\task_quantitative\task\debug\task.tlog\link.read.1.tlog
d:\desktop\task_quantitative\task\debug\task.tlog\link.write.1.tlog
